0 info it worked if it ends with ok
1 verbose cli [ '/usr/bin/node', '/usr/bin/npm', 'start' ]
2 info using npm@3.5.2
3 info using node@v8.10.0
4 verbose run-script [ 'prestart', 'start', 'poststart' ]
5 info lifecycle angular-seed@0.0.0~prestart: angular-seed@0.0.0
6 verbose lifecycle angular-seed@0.0.0~prestart: unsafe-perm in lifecycle true
7 verbose lifecycle angular-seed@0.0.0~prestart: PATH: /usr/share/npm/bin/node-gyp-bin:/home/dmueni/CustomProject/angular-seed/node_modules/.bin:/home/dmueni/.local/bin:/usr/local/sbin:/usr/local/bin:/usr/sbin:/usr/bin:/sbin:/bin:/usr/games:/usr/local/games:/snap/bin:/home/dmueni/Scripts/Networking/bin:/home/dmueni/Scripts/Php/bin:/home/dmueni/Scripts/Pdf/bin:/home/dmueni/Scripts/Stoneweb/bin:/home/dmueni/Scripts/Odbc/bin:/home/dmueni/Scripts/Postgresql/bin:/home/dmueni/Scripts/Icons:/home/dmueni/Scripts/Ubuntu/bin:/home/dmueni/Scripts/Tfalls/bin:/home/dmueni/Scripts/Sync/bin:/home/dmueni/Scripts/Fonts/bin:/home/dmueni/Scripts/Env/bin:/home/dmueni/Scripts/Gis/bin:/home/dmueni/Scripts/Authentication/bin:/home/dmueni/Scripts/npm:/home/dmueni/Scripts/Sites/bin:/home/dmueni/Scripts/Stone/bin:/home/dmueni/Scripts/bower/bin:/home/dmueni/Scripts/Video/bin:/home/dmueni/Scripts/Service/bin:/home/dmueni/Scripts/bin:/home/dmueni/Scripts/Stata/bin:/home/dmueni/Scripts/Puupid/bin:/home/dmueni/Scripts/ZF2:/home/dmueni/Scripts/Exclude:/home/dmueni/Scripts/Test/bin:/home/dmueni/Scripts/Gcloud/bin:/home/dmueni/Scripts/Apache:/home/dmueni/Scripts/Git/bin:/home/dmueni/Scripts/zf/bin:/home/dmueni/Scripts/PostGis:/home/dmueni/Scripts/Ara/bin:/home/dmueni/Scripts/Ui:/usr/local/nbis/bin
8 verbose lifecycle angular-seed@0.0.0~prestart: CWD: /home/dmueni/CustomProject/angular-seed
9 silly lifecycle angular-seed@0.0.0~prestart: Args: [ '-c', 'npm install' ]
10 silly lifecycle angular-seed@0.0.0~prestart: Returned: code: 1  signal: null
11 info lifecycle angular-seed@0.0.0~prestart: Failed to exec prestart script
12 verbose stack Error: angular-seed@0.0.0 prestart: `npm install`
12 verbose stack Exit status 1
12 verbose stack     at EventEmitter.<anonymous> (/usr/share/npm/lib/utils/lifecycle.js:232:16)
12 verbose stack     at emitTwo (events.js:126:13)
12 verbose stack     at EventEmitter.emit (events.js:214:7)
12 verbose stack     at ChildProcess.<anonymous> (/usr/share/npm/lib/utils/spawn.js:24:14)
12 verbose stack     at emitTwo (events.js:126:13)
12 verbose stack     at ChildProcess.emit (events.js:214:7)
12 verbose stack     at maybeClose (internal/child_process.js:925:16)
12 verbose stack     at Process.ChildProcess._handle.onexit (internal/child_process.js:209:5)
13 verbose pkgid angular-seed@0.0.0
14 verbose cwd /home/dmueni/CustomProject/angular-seed
15 error Linux 4.15.0-34-generic
16 error argv "/usr/bin/node" "/usr/bin/npm" "start"
17 error node v8.10.0
18 error npm  v3.5.2
19 error code ELIFECYCLE
20 error angular-seed@0.0.0 prestart: `npm install`
20 error Exit status 1
21 error Failed at the angular-seed@0.0.0 prestart script 'npm install'.
21 error Make sure you have the latest version of node.js and npm installed.
21 error If you do, this is most likely a problem with the angular-seed package,
21 error not with npm itself.
21 error Tell the author that this fails on your system:
21 error     npm install
21 error You can get information on how to open an issue for this project with:
21 error     npm bugs angular-seed
21 error Or if that isn't available, you can get their info via:
21 error     npm owner ls angular-seed
21 error There is likely additional logging output above.
22 verbose exit [ 1, true ]
